TN:
SF:src\app\core\models\models.ts
FN:2,(anonymous_0)
FN:8,(anonymous_1)
FN:13,(anonymous_2)
FN:20,(anonymous_3)
FN:25,(anonymous_4)
FN:31,(anonymous_5)
FN:37,(anonymous_6)
FN:44,(anonymous_7)
FN:49,(anonymous_8)
FN:54,(anonymous_9)
FNF:10
FNH:10
FNDA:1,(anonymous_0)
FNDA:1,(anonymous_1)
FNDA:1,(anonymous_2)
FNDA:1,(anonymous_3)
FNDA:1,(anonymous_4)
FNDA:1,(anonymous_5)
FNDA:1,(anonymous_6)
FNDA:1,(anonymous_7)
FNDA:1,(anonymous_8)
FNDA:1,(anonymous_9)
DA:2,1
DA:3,1
DA:4,1
DA:5,1
DA:8,1
DA:9,1
DA:10,1
DA:13,1
DA:14,1
DA:15,1
DA:16,1
DA:17,1
DA:20,1
DA:21,1
DA:22,1
DA:25,1
DA:26,1
DA:27,1
DA:28,1
DA:31,1
DA:32,1
DA:33,1
DA:34,1
DA:37,1
DA:38,1
DA:39,1
DA:40,1
DA:41,1
DA:44,1
DA:45,1
DA:46,1
DA:49,1
DA:50,1
DA:51,1
DA:54,1
DA:55,1
DA:56,1
DA:57,1
LF:38
LH:38
BRDA:2,0,0,1
BRDA:2,0,1,1
BRDA:8,1,0,1
BRDA:8,1,1,1
BRDA:13,2,0,1
BRDA:13,2,1,1
BRDA:20,3,0,1
BRDA:20,3,1,1
BRDA:25,4,0,1
BRDA:25,4,1,1
BRDA:31,5,0,1
BRDA:31,5,1,1
BRDA:37,6,0,1
BRDA:37,6,1,1
BRDA:44,7,0,1
BRDA:44,7,1,1
BRDA:49,8,0,1
BRDA:49,8,1,1
BRDA:54,9,0,1
BRDA:54,9,1,1
BRF:20
BRH:20
end_of_record
TN:
SF:src\app\core\services\auth.service.ts
FN:11,(anonymous_0)
FN:20,(anonymous_1)
FN:21,(anonymous_2)
FN:22,(anonymous_3)
FN:23,(anonymous_4)
FN:24,(anonymous_5)
FN:25,(anonymous_6)
FN:27,(anonymous_7)
FN:28,(anonymous_8)
FN:29,(anonymous_9)
FN:33,(anonymous_10)
FN:35,(anonymous_11)
FN:37,(anonymous_12)
FN:41,(anonymous_13)
FN:43,(anonymous_14)
FN:47,(anonymous_15)
FN:54,(anonymous_16)
FN:61,(anonymous_17)
FN:66,(anonymous_18)
FN:74,(anonymous_19)
FN:79,(anonymous_20)
FN:86,(anonymous_21)
FN:93,(anonymous_22)
FN:100,(anonymous_23)
FNF:24
FNH:23
FNDA:78,(anonymous_0)
FNDA:5,(anonymous_1)
FNDA:0,(anonymous_2)
FNDA:7,(anonymous_3)
FNDA:2,(anonymous_4)
FNDA:2,(anonymous_5)
FNDA:2,(anonymous_6)
FNDA:2,(anonymous_7)
FNDA:2,(anonymous_8)
FNDA:2,(anonymous_9)
FNDA:55,(anonymous_10)
FNDA:10,(anonymous_11)
FNDA:10,(anonymous_12)
FNDA:2,(anonymous_13)
FNDA:2,(anonymous_14)
FNDA:5,(anonymous_15)
FNDA:3,(anonymous_16)
FNDA:12,(anonymous_17)
FNDA:16,(anonymous_18)
FNDA:3,(anonymous_19)
FNDA:7,(anonymous_20)
FNDA:2,(anonymous_21)
FNDA:2,(anonymous_22)
FNDA:2,(anonymous_23)
DA:8,1
DA:11,1
DA:12,78
DA:13,78
DA:14,78
DA:16,78
DA:19,78
DA:20,78
DA:21,78
DA:22,78
DA:23,78
DA:24,78
DA:25,78
DA:27,78
DA:28,78
DA:29,78
DA:33,55
DA:36,10
DA:37,10
DA:42,2
DA:43,2
DA:48,5
DA:49,5
DA:50,5
DA:51,5
DA:55,3
DA:56,3
DA:57,2
DA:58,1
DA:62,12
DA:63,12
DA:67,16
DA:68,16
DA:69,12
DA:70,12
DA:71,0
DA:75,3
DA:76,3
DA:80,7
DA:81,7
DA:87,2
DA:88,2
DA:90,2
DA:94,2
DA:95,2
DA:101,2
DA:102,2
LF:47
LH:46
BRDA:20,0,0,5
BRDA:20,0,1,3
BRDA:56,1,0,1
BRDA:56,1,1,2
BRDA:57,2,0,1
BRDA:57,2,1,1
BRDA:68,3,0,4
BRDA:76,4,0,3
BRDA:76,4,1,3
BRDA:81,5,0,7
BRDA:81,5,1,1
BRDA:81,5,2,1
BRDA:88,6,0,2
BRDA:88,6,1,1
BRDA:90,7,0,1
BRDA:90,7,1,1
BRDA:95,8,0,2
BRDA:95,8,1,1
BRDA:95,8,2,1
BRDA:102,9,0,2
BRDA:102,9,1,1
BRDA:102,9,2,1
BRF:22
BRH:22
end_of_record
TN:
SF:src\app\core\services\event.service.ts
FN:9,(anonymous_0)
FN:15,(anonymous_1)
FN:18,(anonymous_2)
FN:21,(anonymous_3)
FN:26,(anonymous_4)
FN:32,(anonymous_5)
FN:41,(anonymous_6)
FN:44,(anonymous_7)
FN:47,(anonymous_8)
FN:50,(anonymous_9)
FN:54,(anonymous_10)
FN:57,(anonymous_11)
FN:60,(anonymous_12)
FN:63,(anonymous_13)
FN:66,(anonymous_14)
FN:69,(anonymous_15)
FN:73,(anonymous_16)
FNF:17
FNH:17
FNDA:17,(anonymous_0)
FNDA:2,(anonymous_1)
FNDA:1,(anonymous_2)
FNDA:1,(anonymous_3)
FNDA:1,(anonymous_4)
FNDA:1,(anonymous_5)
FNDA:1,(anonymous_6)
FNDA:1,(anonymous_7)
FNDA:1,(anonymous_8)
FNDA:1,(anonymous_9)
FNDA:1,(anonymous_10)
FNDA:1,(anonymous_11)
FNDA:1,(anonymous_12)
FNDA:1,(anonymous_13)
FNDA:1,(anonymous_14)
FNDA:1,(anonymous_15)
FNDA:1,(anonymous_16)
DA:9,1
DA:10,17
DA:11,17
DA:15,2
DA:18,1
DA:22,1
DA:27,1
DA:28,1
DA:33,1
DA:36,1
DA:41,1
DA:44,1
DA:47,1
DA:50,1
DA:54,1
DA:57,1
DA:60,1
DA:63,1
DA:66,1
DA:69,1
DA:73,1
LF:21
LH:21
BRF:0
BRH:0
end_of_record
TN:
SF:src\app\core\services\payment.service.ts
FN:10,(anonymous_0)
FN:24,(anonymous_1)
FN:29,(anonymous_2)
FN:34,(anonymous_3)
FN:39,(anonymous_4)
FN:44,(anonymous_5)
FN:49,(anonymous_6)
FN:57,(anonymous_7)
FN:65,(anonymous_8)
FNF:9
FNH:9
FNDA:8,(anonymous_0)
FNDA:1,(anonymous_1)
FNDA:1,(anonymous_2)
FNDA:1,(anonymous_3)
FNDA:1,(anonymous_4)
FNDA:1,(anonymous_5)
FNDA:1,(anonymous_6)
FNDA:1,(anonymous_7)
FNDA:1,(anonymous_8)
DA:10,1
DA:11,8
DA:12,8
DA:25,1
DA:30,1
DA:35,1
DA:40,1
DA:45,1
DA:50,1
DA:58,1
DA:66,1
LF:11
LH:11
BRF:0
BRH:0
end_of_record
TN:
SF:src\app\core\services\registration.service.ts
FN:7,(anonymous_0)
FN:16,(anonymous_1)
FN:24,(anonymous_2)
FN:29,(anonymous_3)
FN:34,(anonymous_4)
FNF:5
FNH:5
FNDA:6,(anonymous_0)
FNDA:2,(anonymous_1)
FNDA:1,(anonymous_2)
FNDA:1,(anonymous_3)
FNDA:2,(anonymous_4)
DA:7,1
DA:8,6
DA:9,6
DA:17,2
DA:25,1
DA:30,1
DA:35,2
LF:7
LH:7
BRF:0
BRH:0
end_of_record
TN:
SF:src\app\core\services\reminder-notification.service.ts
FN:25,(anonymous_0)
FN:27,(anonymous_1)
FN:31,(anonymous_2)
FN:44,(anonymous_3)
FN:50,(anonymous_4)
FN:53,(anonymous_5)
FN:57,(anonymous_6)
FN:63,(anonymous_7)
FN:66,(anonymous_8)
FN:67,(anonymous_9)
FN:70,(anonymous_10)
FN:90,(anonymous_11)
FNF:12
FNH:10
FNDA:53,(anonymous_0)
FNDA:0,(anonymous_1)
FNDA:12,(anonymous_2)
FNDA:3,(anonymous_3)
FNDA:0,(anonymous_4)
FNDA:3,(anonymous_5)
FNDA:75,(anonymous_6)
FNDA:11,(anonymous_7)
FNDA:1,(anonymous_8)
FNDA:9,(anonymous_9)
FNDA:12,(anonymous_10)
FNDA:53,(anonymous_11)
DA:10,1
DA:11,53
DA:12,53
DA:13,53
DA:15,53
DA:23,53
DA:27,53
DA:32,12
DA:35,11
DA:36,1
DA:40,11
DA:43,11
DA:45,3
DA:46,0
DA:47,0
DA:49,3
DA:50,0
DA:53,3
DA:58,75
DA:59,75
DA:60,75
DA:64,11
DA:65,10
DA:66,1
DA:67,9
DA:71,12
DA:72,9
DA:73,8
DA:76,8
DA:79,8
DA:80,0
DA:90,53
LF:32
LH:28
BRDA:32,0,0,1
BRDA:32,1,0,12
BRDA:32,1,1,1
BRDA:35,2,0,1
BRDA:35,3,0,11
BRDA:35,3,1,11
BRDA:45,4,0,0
BRDA:64,5,0,1
BRDA:72,6,0,1
BRDA:79,7,0,0
BRDA:79,8,0,8
BRDA:79,8,1,8
BRF:12
BRH:10
end_of_record
TN:
SF:src\app\core\services\reminder.service.ts
FN:7,(anonymous_0)
FN:12,(anonymous_1)
FN:17,(anonymous_2)
FN:26,(anonymous_3)
FN:31,(anonymous_4)
FNF:5
FNH:5
FNDA:86,(anonymous_0)
FNDA:3,(anonymous_1)
FNDA:2,(anonymous_2)
FNDA:3,(anonymous_3)
FNDA:2,(anonymous_4)
DA:7,1
DA:8,86
DA:9,86
DA:13,3
DA:18,2
DA:27,3
DA:32,2
LF:7
LH:7
BRF:0
BRH:0
end_of_record
TN:
SF:src\app\core\services\role-request.service.ts
FN:7,(anonymous_0)
FN:15,(anonymous_1)
FN:20,(anonymous_2)
FN:25,(anonymous_3)
FN:30,(anonymous_4)
FNF:5
FNH:5
FNDA:7,(anonymous_0)
FNDA:1,(anonymous_1)
FNDA:2,(anonymous_2)
FNDA:2,(anonymous_3)
FNDA:2,(anonymous_4)
DA:7,1
DA:8,7
DA:9,7
DA:16,1
DA:21,2
DA:26,2
DA:31,2
LF:7
LH:7
BRF:0
BRH:0
end_of_record
TN:
SF:src\app\core\services\toast.service.ts
FN:14,(anonymous_0)
FN:18,(anonymous_1)
FN:20,(anonymous_2)
FN:21,(anonymous_3)
FN:24,(anonymous_4)
FN:25,(anonymous_5)
FN:26,(anonymous_6)
FN:27,(anonymous_7)
FN:28,(anonymous_8)
FN:30,(anonymous_9)
FN:31,(anonymous_10)
FN:31,(anonymous_11)
FNF:12
FNH:12
FNDA:170,(anonymous_0)
FNDA:20,(anonymous_1)
FNDA:20,(anonymous_2)
FNDA:3,(anonymous_3)
FNDA:11,(anonymous_4)
FNDA:4,(anonymous_5)
FNDA:1,(anonymous_6)
FNDA:2,(anonymous_7)
FNDA:2,(anonymous_8)
FNDA:5,(anonymous_9)
FNDA:5,(anonymous_10)
FNDA:6,(anonymous_11)
DA:14,1
DA:15,170
DA:16,170
DA:19,20
DA:20,20
DA:21,20
DA:24,11
DA:25,4
DA:26,1
DA:27,2
DA:28,2
DA:31,6
LF:12
LH:12
BRDA:18,0,0,13
BRDA:24,1,0,8
BRDA:25,2,0,4
BRDA:26,3,0,1
BRDA:27,4,0,2
BRDA:28,5,0,1
BRF:6
BRH:6
end_of_record
TN:
SF:src\app\core\services\todo.service.ts
FN:7,(anonymous_0)
FN:12,(anonymous_1)
FN:17,(anonymous_2)
FN:22,(anonymous_3)
FN:27,(anonymous_4)
FN:32,(anonymous_5)
FNF:6
FNH:6
FNDA:34,(anonymous_0)
FNDA:2,(anonymous_1)
FNDA:2,(anonymous_2)
FNDA:1,(anonymous_3)
FNDA:2,(anonymous_4)
FNDA:2,(anonymous_5)
DA:7,1
DA:8,34
DA:9,34
DA:13,2
DA:18,2
DA:23,1
DA:28,2
DA:33,2
LF:8
LH:8
BRF:0
BRH:0
end_of_record
TN:
SF:src\app\core\services\user.service.ts
FN:7,(anonymous_0)
FN:12,(anonymous_1)
FN:17,(anonymous_2)
FN:22,(anonymous_3)
FN:27,(anonymous_4)
FN:32,(anonymous_5)
FNF:6
FNH:6
FNDA:63,(anonymous_0)
FNDA:2,(anonymous_1)
FNDA:2,(anonymous_2)
FNDA:2,(anonymous_3)
FNDA:1,(anonymous_4)
FNDA:2,(anonymous_5)
DA:7,1
DA:8,63
DA:9,63
DA:13,2
DA:18,2
DA:23,2
DA:28,1
DA:33,2
LF:8
LH:8
BRF:0
BRH:0
end_of_record
TN:
SF:src\app\core\validators\custom.validators.ts
FN:4,strictEmail
FN:5,(anonymous_1)
FN:14,futureDateOnly
FN:15,(anonymous_3)
FN:24,endDateAfterStart
FN:25,(anonymous_5)
FN:37,endTimeAfterStart
FN:38,(anonymous_7)
FN:50,paidEventPrice
FN:51,(anonymous_9)
FN:64,minPassword
FN:65,(anonymous_11)
FN:75,passwordsMatch
FNF:13
FNH:13
FNDA:66,strictEmail
FNDA:182,(anonymous_1)
FNDA:1,futureDateOnly
FNDA:5,(anonymous_3)
FNDA:5,endDateAfterStart
FNDA:5,(anonymous_5)
FNDA:4,endTimeAfterStart
FNDA:4,(anonymous_7)
FNDA:5,paidEventPrice
FNDA:5,(anonymous_9)
FNDA:44,minPassword
FNDA:101,(anonymous_11)
FNDA:136,passwordsMatch
DA:5,66
DA:6,182
DA:7,182
DA:8,29
DA:9,29
DA:15,1
DA:16,5
DA:17,4
DA:18,4
DA:19,4
DA:25,5
DA:26,5
DA:27,5
DA:28,0
DA:29,0
DA:30,0
DA:38,4
DA:39,4
DA:40,4
DA:41,0
DA:42,0
DA:43,0
DA:51,5
DA:52,5
DA:53,5
DA:54,0
DA:55,0
DA:56,0
DA:57,0
DA:65,44
DA:66,101
DA:67,101
DA:68,16
DA:76,136
DA:77,136
DA:78,136
DA:79,12
LF:37
LH:27
BRDA:7,0,0,153
BRDA:9,1,0,19
BRDA:9,1,1,10
BRDA:16,2,0,1
BRDA:19,3,0,2
BRDA:19,3,1,2
BRDA:27,4,0,5
BRDA:29,5,0,0
BRDA:29,6,0,0
BRDA:29,6,1,0
BRDA:30,7,0,0
BRDA:30,7,1,0
BRDA:40,8,0,4
BRDA:42,9,0,0
BRDA:42,10,0,0
BRDA:42,10,1,0
BRDA:43,11,0,0
BRDA:43,11,1,0
BRDA:53,12,0,5
BRDA:55,13,0,0
BRDA:57,14,0,0
BRDA:57,14,1,0
BRDA:57,15,0,0
BRDA:57,15,1,0
BRDA:67,16,0,85
BRDA:68,17,0,4
BRDA:68,17,1,12
BRDA:78,18,0,124
BRDA:78,19,0,136
BRDA:78,19,1,14
BRDA:79,20,0,5
BRDA:79,20,1,7
BRF:32
BRH:17
end_of_record
TN:
SF:src\app\features\admin\users\admin-users.component.ts
FN:109,(anonymous_0)
FN:124,(anonymous_1)
FN:127,(anonymous_2)
FN:141,(anonymous_3)
FN:143,(anonymous_4)
FN:144,(anonymous_5)
FN:144,(anonymous_6)
FN:147,(anonymous_7)
FN:152,(anonymous_8)
FN:153,(anonymous_9)
FN:159,(anonymous_10)
FN:163,(anonymous_11)
FN:167,(anonymous_12)
FN:167,(anonymous_13)
FN:167,(anonymous_14)
FN:168,(anonymous_15)
FN:172,(anonymous_16)
FN:173,(anonymous_17)
FNF:18
FNH:16
FNDA:24,(anonymous_0)
FNDA:32,(anonymous_1)
FNDA:160,(anonymous_2)
FNDA:2,(anonymous_3)
FNDA:24,(anonymous_4)
FNDA:24,(anonymous_5)
FNDA:0,(anonymous_6)
FNDA:5,(anonymous_7)
FNDA:3,(anonymous_8)
FNDA:3,(anonymous_9)
FNDA:0,(anonymous_10)
FNDA:3,(anonymous_11)
FNDA:1,(anonymous_12)
FNDA:1,(anonymous_13)
FNDA:5,(anonymous_14)
FNDA:1,(anonymous_15)
FNDA:246,(anonymous_16)
FNDA:243,(anonymous_17)
DA:109,1
DA:110,24
DA:111,24
DA:112,24
DA:113,24
DA:114,24
DA:116,24
DA:117,24
DA:118,24
DA:119,24
DA:120,24
DA:121,24
DA:122,24
DA:124,24
DA:125,32
DA:126,32
DA:127,32
DA:128,160
DA:129,160
DA:130,160
DA:134,24
DA:141,2
DA:144,24
DA:148,5
DA:149,3
DA:150,3
DA:151,3
DA:153,3
DA:154,3
DA:155,3
DA:156,3
DA:157,3
DA:159,0
DA:164,3
DA:165,2
DA:166,2
DA:167,5
DA:168,1
DA:172,246
DA:173,243
LF:40
LH:39
BRDA:128,0,0,160
BRDA:128,0,1,25
BRDA:128,0,2,21
BRDA:129,1,0,160
BRDA:129,1,1,25
BRDA:130,2,0,160
BRDA:130,2,1,139
BRDA:141,3,0,2
BRDA:141,3,1,2
BRDA:148,4,0,2
BRDA:164,5,0,1
BRDA:172,6,0,246
BRDA:172,6,1,0
BRDA:173,7,0,243
BRDA:173,7,1,0
BRF:15
BRH:13
end_of_record
TN:
SF:src\app\features\auth\login\login.component.ts
FN:110,(anonymous_0)
FN:131,(anonymous_1)
FN:132,(anonymous_2)
FN:140,(anonymous_3)
FN:145,(anonymous_4)
FN:150,(anonymous_5)
FNF:6
FNH:6
FNDA:22,(anonymous_0)
FNDA:178,(anonymous_1)
FNDA:2,(anonymous_2)
FNDA:6,(anonymous_3)
FNDA:2,(anonymous_4)
FNDA:2,(anonymous_5)
DA:110,1
DA:111,22
DA:112,22
DA:113,22
DA:114,22
DA:115,22
DA:117,22
DA:118,22
DA:120,22
DA:126,22
DA:131,178
DA:133,2
DA:134,2
DA:135,2
DA:136,1
DA:137,0
DA:141,6
DA:142,4
DA:143,4
DA:144,4
DA:146,2
DA:147,2
DA:148,2
DA:150,2
LF:24
LH:23
BRDA:131,0,0,178
BRDA:131,0,1,178
BRDA:134,1,0,0
BRDA:135,2,0,1
BRDA:136,3,0,1
BRDA:141,4,0,2
BRF:6
BRH:5
end_of_record
TN:
SF:src\app\features\auth\register\register.component.ts
FN:122,(anonymous_0)
FN:147,(anonymous_1)
FN:148,(anonymous_2)
FN:158,(anonymous_3)
FN:163,(anonymous_4)
FN:168,(anonymous_5)
FNF:6
FNH:6
FNDA:19,(anonymous_0)
FNDA:228,(anonymous_1)
FNDA:2,(anonymous_2)
FNDA:5,(anonymous_3)
FNDA:2,(anonymous_4)
FNDA:1,(anonymous_5)
DA:122,1
DA:123,19
DA:124,19
DA:125,19
DA:126,19
DA:127,19
DA:129,19
DA:130,19
DA:132,19
DA:140,19
DA:147,228
DA:149,2
DA:150,2
DA:151,2
DA:152,1
DA:153,0
DA:154,0
DA:155,0
DA:159,5
DA:160,3
DA:161,3
DA:162,3
DA:164,2
DA:165,2
DA:166,2
DA:168,1
LF:26
LH:23
BRDA:147,0,0,228
BRDA:147,0,1,228
BRDA:150,1,0,0
BRDA:151,2,0,1
BRDA:152,3,0,1
BRDA:153,4,0,0
BRDA:154,5,0,0
BRDA:159,6,0,2
BRF:8
BRH:5
end_of_record
TN:
SF:src\app\features\organizer\profile\organizer-profile.component.ts
FN:50,(anonymous_0)
FN:58,(anonymous_1)
FN:59,(anonymous_2)
FN:60,(anonymous_3)
FN:60,(anonymous_4)
FN:62,(anonymous_5)
FN:67,(anonymous_6)
FN:68,(anonymous_7)
FNF:8
FNH:8
FNDA:10,(anonymous_0)
FNDA:41,(anonymous_1)
FNDA:11,(anonymous_2)
FNDA:10,(anonymous_3)
FNDA:1,(anonymous_4)
FNDA:4,(anonymous_5)
FNDA:2,(anonymous_6)
FNDA:1,(anonymous_7)
DA:50,1
DA:51,10
DA:52,10
DA:53,10
DA:54,10
DA:55,10
DA:56,10
DA:57,10
DA:58,41
DA:60,11
DA:63,4
DA:64,3
DA:65,3
DA:66,3
DA:67,2
DA:68,1
LF:16
LH:16
BRDA:58,0,0,41
BRDA:58,0,1,1
BRDA:63,1,0,1
BRF:3
BRH:3
end_of_record
TN:
SF:src\app\features\user\profile\user-profile.component.ts
FN:54,(anonymous_0)
FN:67,(anonymous_1)
FN:69,(anonymous_2)
FN:71,(anonymous_3)
FN:72,(anonymous_4)
FN:76,(anonymous_5)
FN:81,(anonymous_6)
FN:82,(anonymous_7)
FN:86,(anonymous_8)
FNF:9
FNH:9
FNDA:20,(anonymous_0)
FNDA:81,(anonymous_1)
FNDA:21,(anonymous_2)
FNDA:20,(anonymous_3)
FNDA:1,(anonymous_4)
FNDA:7,(anonymous_5)
FNDA:4,(anonymous_6)
FNDA:1,(anonymous_7)
FNDA:44,(anonymous_8)
DA:54,1
DA:55,20
DA:56,20
DA:57,20
DA:59,20
DA:60,20
DA:61,20
DA:63,20
DA:67,81
DA:70,21
DA:71,20
DA:72,1
DA:77,7
DA:78,5
DA:79,5
DA:80,5
DA:81,4
DA:82,1
DA:86,44
LF:19
LH:19
BRDA:67,0,0,81
BRDA:67,0,1,1
BRDA:77,1,0,2
BRDA:86,2,0,44
BRDA:86,2,1,1
BRF:5
BRH:5
end_of_record
TN:
SF:src\app\features\user\reminders\user-reminders.component.ts
FN:93,(anonymous_0)
FN:111,(anonymous_1)
FN:113,(anonymous_2)
FN:114,(anonymous_3)
FN:114,(anonymous_4)
FN:114,(anonymous_5)
FN:116,(anonymous_6)
FN:136,(anonymous_7)
FN:137,(anonymous_8)
FN:143,(anonymous_9)
FN:147,(anonymous_10)
FN:151,(anonymous_11)
FN:151,(anonymous_12)
FN:151,(anonymous_13)
FN:152,(anonymous_14)
FNF:15
FNH:15
FNDA:23,(anonymous_0)
FNDA:3,(anonymous_1)
FNDA:23,(anonymous_2)
FNDA:24,(anonymous_3)
FNDA:23,(anonymous_4)
FNDA:1,(anonymous_5)
FNDA:8,(anonymous_6)
FNDA:4,(anonymous_7)
FNDA:4,(anonymous_8)
FNDA:1,(anonymous_9)
FNDA:4,(anonymous_10)
FNDA:2,(anonymous_11)
FNDA:2,(anonymous_12)
FNDA:2,(anonymous_13)
FNDA:1,(anonymous_14)
DA:93,1
DA:94,23
DA:95,23
DA:96,23
DA:98,23
DA:99,23
DA:100,23
DA:101,23
DA:102,23
DA:104,23
DA:111,3
DA:113,23
DA:114,24
DA:117,8
DA:118,7
DA:119,7
DA:120,7
DA:121,7
DA:122,1
DA:123,1
DA:125,6
DA:126,1
DA:127,1
DA:129,5
DA:130,5
DA:131,5
DA:132,5
DA:133,5
DA:135,5
DA:137,4
DA:138,4
DA:139,4
DA:140,4
DA:141,4
DA:143,1
DA:148,4
DA:149,3
DA:150,3
DA:151,2
DA:152,1
LF:40
LH:40
BRDA:111,0,0,3
BRDA:111,0,1,2
BRDA:117,1,0,1
BRDA:120,2,0,7
BRDA:120,2,1,2
BRDA:121,3,0,1
BRDA:121,4,0,7
BRDA:121,4,1,5
BRDA:125,5,0,1
BRDA:125,6,0,6
BRDA:125,6,1,2
BRDA:131,7,0,4
BRDA:132,8,0,1
BRDA:133,9,0,1
BRDA:148,10,0,1
BRF:15
BRH:15
end_of_record
TN:
SF:src\app\features\user\todos\user-todos.component.ts
FN:97,(anonymous_0)
FN:113,(anonymous_1)
FN:113,(anonymous_2)
FN:114,(anonymous_3)
FN:114,(anonymous_4)
FN:115,(anonymous_5)
FN:117,(anonymous_6)
FN:118,(anonymous_7)
FN:121,(anonymous_8)
FN:126,(anonymous_9)
FN:128,(anonymous_10)
FN:129,(anonymous_11)
FN:129,(anonymous_12)
FN:129,(anonymous_13)
FN:131,(anonymous_14)
FN:136,(anonymous_15)
FN:137,(anonymous_16)
FN:143,(anonymous_17)
FN:147,(anonymous_18)
FN:151,(anonymous_19)
FN:152,(anonymous_20)
FN:152,(anonymous_21)
FN:156,(anonymous_22)
FN:160,(anonymous_23)
FN:165,(anonymous_24)
FN:169,(anonymous_25)
FN:170,(anonymous_26)
FN:170,(anonymous_27)
FN:174,(anonymous_28)
FN:178,(anonymous_29)
FN:182,(anonymous_30)
FN:182,(anonymous_31)
FN:182,(anonymous_32)
FN:183,(anonymous_33)
FNF:34
FNH:28
FNDA:25,(anonymous_0)
FNDA:151,(anonymous_1)
FNDA:453,(anonymous_2)
FNDA:51,(anonymous_3)
FNDA:153,(anonymous_4)
FNDA:27,(anonymous_5)
FNDA:3,(anonymous_6)
FNDA:3,(anonymous_7)
FNDA:3,(anonymous_8)
FNDA:0,(anonymous_9)
FNDA:25,(anonymous_10)
FNDA:25,(anonymous_11)
FNDA:25,(anonymous_12)
FNDA:0,(anonymous_13)
FNDA:5,(anonymous_14)
FNDA:3,(anonymous_15)
FNDA:3,(anonymous_16)
FNDA:0,(anonymous_17)
FNDA:3,(anonymous_18)
FNDA:2,(anonymous_19)
FNDA:2,(anonymous_20)
FNDA:6,(anonymous_21)
FNDA:0,(anonymous_22)
FNDA:4,(anonymous_23)
FNDA:2,(anonymous_24)
FNDA:2,(anonymous_25)
FNDA:2,(anonymous_26)
FNDA:6,(anonymous_27)
FNDA:0,(anonymous_28)
FNDA:2,(anonymous_29)
FNDA:1,(anonymous_30)
FNDA:1,(anonymous_31)
FNDA:3,(anonymous_32)
FNDA:0,(anonymous_33)
DA:97,1
DA:98,25
DA:99,25
DA:100,25
DA:101,25
DA:103,25
DA:104,25
DA:105,25
DA:106,25
DA:107,25
DA:108,25
DA:109,25
DA:110,25
DA:111,25
DA:113,453
DA:114,153
DA:115,25
DA:116,27
DA:117,27
DA:118,26
DA:119,25
DA:121,25
DA:123,25
DA:124,25
DA:126,0
DA:128,25
DA:129,25
DA:132,5
DA:133,3
DA:134,3
DA:135,3
DA:137,3
DA:138,3
DA:139,3
DA:140,3
DA:141,3
DA:143,0
DA:148,3
DA:149,2
DA:150,2
DA:152,6
DA:153,2
DA:154,2
DA:156,0
DA:161,4
DA:162,4
DA:166,2
DA:167,2
DA:168,2
DA:170,6
DA:171,2
DA:172,2
DA:179,2
DA:180,1
DA:181,1
DA:182,3
DA:183,0
LF:57
LH:53
BRDA:117,0,0,1
BRDA:118,1,0,1
BRDA:126,2,0,0
BRDA:126,2,1,0
BRDA:132,3,0,2
BRDA:135,4,0,3
BRDA:135,4,1,2
BRDA:148,5,0,1
BRDA:152,6,0,2
BRDA:152,6,1,4
BRDA:162,7,0,4
BRDA:162,7,1,0
BRDA:166,8,0,0
BRDA:168,9,0,2
BRDA:168,9,1,2
BRDA:170,10,0,2
BRDA:170,10,1,4
BRDA:179,11,0,1
BRF:18
BRH:14
end_of_record
TN:
SF:src\environments\environment.ts
FNF:0
FNH:0
DA:1,1
LF:1
LH:1
BRF:0
BRH:0
end_of_record
